[2023-11-16 10:27:34] [INFO]    [OmnipathR] Welcome to OmnipathR!
[2023-11-16 10:27:34] [TRACE]   [OmnipathR] Reading JSON from `/home/dmananesc/.cache/OmnipathR/cache.json` (encoding: UTF-8).
[2023-11-16 10:27:34] [TRACE]   [OmnipathR] JSON validation successful: TRUE
[2023-11-16 10:27:34] [INFO]    [OmnipathR] Initialized cache: `/home/dmananesc/.cache/OmnipathR`.
[2023-11-16 10:27:34] [TRACE]   [OmnipathR] Reading JSON from `/home/dmananesc/R/x86_64-pc-linux-gnu-library/4.3/OmnipathR/db/db_def.json` (encoding: UTF-8).
[2023-11-16 10:27:34] [TRACE]   [OmnipathR] JSON validation successful: TRUE
[2023-11-16 10:27:34] [TRACE]   [OmnipathR] Reading JSON from `/home/dmananesc/R/x86_64-pc-linux-gnu-library/4.3/OmnipathR/internal/magic_bytes.json` (encoding: UTF-8).
[2023-11-16 10:27:34] [TRACE]   [OmnipathR] JSON validation successful: TRUE
[2023-11-16 10:27:34] [TRACE]   [OmnipathR] Reading JSON from `/home/dmananesc/R/x86_64-pc-linux-gnu-library/4.3/OmnipathR/internal/urls.json` (encoding: UTF-8).
[2023-11-16 10:27:34] [TRACE]   [OmnipathR] JSON validation successful: TRUE
[2023-11-16 10:27:34] [TRACE]   [OmnipathR] Reading JSON from `/home/dmananesc/R/x86_64-pc-linux-gnu-library/4.3/OmnipathR/internal/id_types.json` (encoding: UTF-8).
[2023-11-16 10:27:34] [TRACE]   [OmnipathR] JSON validation successful: TRUE
[2023-11-16 10:29:38] [INFO]    [OmnipathR] Loading database `Ensembl and OMA organism names`.
[2023-11-16 10:29:38] [INFO]    [OmnipathR] Looking up in cache `https://www.ensembl.org/info/about/species.html`: key=7332486db7400730697234bad76ca0c8e4d00799, latest version=1.
[2023-11-16 10:29:38] [TRACE]   [OmnipathR] Cache file path: /home/dmananesc/.cache/OmnipathR/7332486db7400730697234bad76ca0c8e4d00799-1.html
[2023-11-16 10:29:38] [TRACE]   [OmnipathR] Looking up in cache: `https://omabrowser.org/All/oma-species.txt`.
[2023-11-16 10:29:38] [TRACE]   [OmnipathR] Loaded data from RDS `/home/dmananesc/.cache/OmnipathR/30e690cbb55dfc63b5903ab337f34ffc2f4be397-1.rds`.
[2023-11-16 10:29:38] [INFO]    [OmnipathR] Loaded database `Ensembl and OMA organism names`.
[2023-11-16 10:29:38] [TRACE]   [OmnipathR] Looking up in cache: `https://omnipathdb.org/interactions?genesymbols=yes&datasets=omnipath&organisms=9606&fields=sources,references,curation_effort&license=academic`
[2023-11-16 10:29:38] [INFO]    [OmnipathR] Cache record does not exist: `https://omnipathdb.org/interactions?genesymbols=yes&datasets=omnipath&organisms=9606&fields=sources,references,curation_effort&license=academic`
[2023-11-16 10:29:38] [TRACE]   [OmnipathR] Looking up in cache: `http://no-tls.omnipathdb.org/interactions?genesymbols=yes&datasets=omnipath&organisms=9606&fields=sources,references,curation_effort&license=academic`
[2023-11-16 10:29:38] [INFO]    [OmnipathR] Cache record does not exist: `http://no-tls.omnipathdb.org/interactions?genesymbols=yes&datasets=omnipath&organisms=9606&fields=sources,references,curation_effort&license=academic`
[2023-11-16 10:29:38] [TRACE]   [OmnipathR] Attempting `https://omnipathdb.org/interactions?genesymbols=yes&datasets=omnipath&organisms=9606&fields=sources,references,curation_effort&license=academic`
[2023-11-16 10:29:38] [INFO]    [OmnipathR] Retrieving URL: `https://omnipathdb.org/interactions?genesymbols=yes&datasets=omnipath&organisms=9606&fields=sources,references,curation_effort&license=academic`
[2023-11-16 10:29:38] [TRACE]   [OmnipathR] Attempt 1/3: `https://omnipathdb.org/interactions?genesymbols=yes&datasets=omnipath&organisms=9606&fields=sources,references,curation_effort&license=academic`
[2023-11-16 10:29:39] [INFO]    [OmnipathR] Successfully retrieved: `https://omnipathdb.org/interactions?genesymbols=yes&datasets=omnipath&organisms=9606&fields=sources,references,curation_effort&license=academic`
[2023-11-16 10:29:39] [TRACE]   [OmnipathR] Reading JSON from `/home/dmananesc/.cache/OmnipathR/cache.json` (encoding: UTF-8).
[2023-11-16 10:29:39] [TRACE]   [OmnipathR] JSON validation successful: TRUE
[2023-11-16 10:29:39] [TRACE]   [OmnipathR] Reading JSON from `/home/dmananesc/.cache/OmnipathR/cache.json` (encoding: UTF-8).
[2023-11-16 10:29:39] [TRACE]   [OmnipathR] JSON validation successful: TRUE
[2023-11-16 10:29:39] [INFO]    [OmnipathR] Cache item `a7b21d9d80a3837a50268df16d168128fc1c6ede` version 1: status changed from `unknown` to `started`.
[2023-11-16 10:29:39] [TRACE]   [OmnipathR] Exporting object to RDS: `/home/dmananesc/.cache/OmnipathR/a7b21d9d80a3837a50268df16d168128fc1c6ede-1.rds`.
[2023-11-16 10:29:40] [TRACE]   [OmnipathR] Exported RDS to `/home/dmananesc/.cache/OmnipathR/a7b21d9d80a3837a50268df16d168128fc1c6ede-1.rds`.
[2023-11-16 10:29:40] [INFO]    [OmnipathR] Download ready [key=a7b21d9d80a3837a50268df16d168128fc1c6ede, version=1]
[2023-11-16 10:29:40] [TRACE]   [OmnipathR] Reading JSON from `/home/dmananesc/.cache/OmnipathR/cache.json` (encoding: UTF-8).
[2023-11-16 10:29:40] [TRACE]   [OmnipathR] JSON validation successful: TRUE
[2023-11-16 10:29:40] [INFO]    [OmnipathR] Cache item `a7b21d9d80a3837a50268df16d168128fc1c6ede` version 1: status changed from `started` to `ready`.
[2023-11-16 10:29:42] [SUCCESS] [OmnipathR] Downloaded 81529 interactions.
[2023-11-16 10:38:41] [TRACE]   [OmnipathR] Looking up in cache: `https://omnipathdb.org/interactions?genesymbols=yes&datasets=omnipath&organisms=9606&fields=sources,references,curation_effort&license=academic`
[2023-11-16 10:38:41] [TRACE]   [OmnipathR] Loaded data from RDS `/home/dmananesc/.cache/OmnipathR/a7b21d9d80a3837a50268df16d168128fc1c6ede-1.rds`.
[2023-11-16 10:38:41] [INFO]    [OmnipathR] Loaded from cache: `https://omnipathdb.org/interactions?genesymbols=yes&datasets=omnipath&organisms=9606&fields=sources,references,curation_effort&license=academic`
[2023-11-16 10:38:44] [SUCCESS] [OmnipathR] Loaded 81529 interactions from cache.
[2023-11-16 13:31:38] [TRACE]   [OmnipathR] Looking up in cache: `https://omnipathdb.org/interactions?genesymbols=yes&datasets=omnipath&organisms=9606&fields=sources,references,curation_effort&license=academic`
[2023-11-16 13:31:38] [TRACE]   [OmnipathR] Loaded data from RDS `/home/dmananesc/.cache/OmnipathR/a7b21d9d80a3837a50268df16d168128fc1c6ede-1.rds`.
[2023-11-16 13:31:38] [INFO]    [OmnipathR] Loaded from cache: `https://omnipathdb.org/interactions?genesymbols=yes&datasets=omnipath&organisms=9606&fields=sources,references,curation_effort&license=academic`
[2023-11-16 13:31:40] [SUCCESS] [OmnipathR] Loaded 81529 interactions from cache.
[2023-11-16 13:31:51] [TRACE]   [OmnipathR] Looking up in cache: `https://omnipathdb.org/interactions?genesymbols=yes&datasets=omnipath&organisms=9606&fields=sources,references,curation_effort&license=academic`
[2023-11-16 13:31:51] [TRACE]   [OmnipathR] Loaded data from RDS `/home/dmananesc/.cache/OmnipathR/a7b21d9d80a3837a50268df16d168128fc1c6ede-1.rds`.
[2023-11-16 13:31:51] [INFO]    [OmnipathR] Loaded from cache: `https://omnipathdb.org/interactions?genesymbols=yes&datasets=omnipath&organisms=9606&fields=sources,references,curation_effort&license=academic`
[2023-11-16 13:31:53] [SUCCESS] [OmnipathR] Loaded 81529 interactions from cache.
[2023-11-16 13:38:43] [TRACE]   [OmnipathR] Looking up in cache: `https://omnipathdb.org/interactions?genesymbols=yes&datasets=omnipath&organisms=9606&fields=sources,references,curation_effort&license=academic`
[2023-11-16 13:38:43] [TRACE]   [OmnipathR] Loaded data from RDS `/home/dmananesc/.cache/OmnipathR/a7b21d9d80a3837a50268df16d168128fc1c6ede-1.rds`.
[2023-11-16 13:38:43] [INFO]    [OmnipathR] Loaded from cache: `https://omnipathdb.org/interactions?genesymbols=yes&datasets=omnipath&organisms=9606&fields=sources,references,curation_effort&license=academic`
[2023-11-16 13:38:45] [SUCCESS] [OmnipathR] Loaded 81529 interactions from cache.
[2023-11-16 13:42:56] [TRACE]   [OmnipathR] Looking up in cache: `https://omnipathdb.org/interactions?genesymbols=yes&datasets=omnipath&organisms=9606&fields=sources,references,curation_effort&license=academic`
[2023-11-16 13:42:56] [TRACE]   [OmnipathR] Loaded data from RDS `/home/dmananesc/.cache/OmnipathR/a7b21d9d80a3837a50268df16d168128fc1c6ede-1.rds`.
[2023-11-16 13:42:56] [INFO]    [OmnipathR] Loaded from cache: `https://omnipathdb.org/interactions?genesymbols=yes&datasets=omnipath&organisms=9606&fields=sources,references,curation_effort&license=academic`
[2023-11-16 13:43:07] [TRACE]   [OmnipathR] Looking up in cache: `https://omnipathdb.org/interactions?genesymbols=yes&datasets=omnipath&organisms=9606&fields=sources,references,curation_effort&license=academic`
[2023-11-16 13:43:07] [TRACE]   [OmnipathR] Loaded data from RDS `/home/dmananesc/.cache/OmnipathR/a7b21d9d80a3837a50268df16d168128fc1c6ede-1.rds`.
[2023-11-16 13:43:07] [INFO]    [OmnipathR] Loaded from cache: `https://omnipathdb.org/interactions?genesymbols=yes&datasets=omnipath&organisms=9606&fields=sources,references,curation_effort&license=academic`
[2023-11-16 13:43:09] [SUCCESS] [OmnipathR] Loaded 81529 interactions from cache.
[2023-11-16 13:50:16] [TRACE]   [OmnipathR] Looking up in cache: `https://omnipathdb.org/interactions?genesymbols=yes&datasets=omnipath&organisms=9606&fields=sources,references,curation_effort&license=academic`
[2023-11-16 13:50:16] [TRACE]   [OmnipathR] Loaded data from RDS `/home/dmananesc/.cache/OmnipathR/a7b21d9d80a3837a50268df16d168128fc1c6ede-1.rds`.
[2023-11-16 13:50:16] [INFO]    [OmnipathR] Loaded from cache: `https://omnipathdb.org/interactions?genesymbols=yes&datasets=omnipath&organisms=9606&fields=sources,references,curation_effort&license=academic`
[2023-11-16 13:50:19] [SUCCESS] [OmnipathR] Loaded 81529 interactions from cache.
[2023-11-16 14:16:35] [TRACE]   [OmnipathR] Looking up in cache: `https://omnipathdb.org/interactions?genesymbols=yes&datasets=omnipath&organisms=9606&fields=sources,references,curation_effort&license=academic`
[2023-11-16 14:16:36] [TRACE]   [OmnipathR] Loaded data from RDS `/home/dmananesc/.cache/OmnipathR/a7b21d9d80a3837a50268df16d168128fc1c6ede-1.rds`.
[2023-11-16 14:16:36] [INFO]    [OmnipathR] Loaded from cache: `https://omnipathdb.org/interactions?genesymbols=yes&datasets=omnipath&organisms=9606&fields=sources,references,curation_effort&license=academic`
[2023-11-16 14:16:38] [SUCCESS] [OmnipathR] Loaded 81529 interactions from cache.
[2023-11-16 14:21:02] [TRACE]   [OmnipathR] Looking up in cache: `https://omnipathdb.org/interactions?genesymbols=yes&datasets=omnipath&organisms=9606&fields=sources,references,curation_effort&license=academic`
[2023-11-16 14:21:02] [TRACE]   [OmnipathR] Loaded data from RDS `/home/dmananesc/.cache/OmnipathR/a7b21d9d80a3837a50268df16d168128fc1c6ede-1.rds`.
[2023-11-16 14:21:02] [INFO]    [OmnipathR] Loaded from cache: `https://omnipathdb.org/interactions?genesymbols=yes&datasets=omnipath&organisms=9606&fields=sources,references,curation_effort&license=academic`
[2023-11-16 14:21:05] [SUCCESS] [OmnipathR] Loaded 81529 interactions from cache.
[2023-11-16 14:26:01] [TRACE]   [OmnipathR] Looking up in cache: `https://omnipathdb.org/interactions?genesymbols=yes&datasets=omnipath&organisms=10090&fields=sources,references,curation_effort&license=academic`
[2023-11-16 14:26:01] [TRACE]   [OmnipathR] Loaded data from RDS `/home/dmananesc/.cache/OmnipathR/6c78c3a8952daddd73a6b8939a851a7c60c6ab2c-1.rds`.
[2023-11-16 14:26:01] [INFO]    [OmnipathR] Loaded from cache: `https://omnipathdb.org/interactions?genesymbols=yes&datasets=omnipath&organisms=10090&fields=sources,references,curation_effort&license=academic`
[2023-11-16 14:26:02] [SUCCESS] [OmnipathR] Loaded 28277 interactions from cache.
[2023-11-16 14:34:09] [TRACE]   [OmnipathR] Looking up in cache: `https://omnipathdb.org/interactions?genesymbols=yes&datasets=omnipath&organisms=10116&fields=sources,references,curation_effort&license=academic`
[2023-11-16 14:34:09] [INFO]    [OmnipathR] Cache record does not exist: `https://omnipathdb.org/interactions?genesymbols=yes&datasets=omnipath&organisms=10116&fields=sources,references,curation_effort&license=academic`
[2023-11-16 14:34:09] [TRACE]   [OmnipathR] Looking up in cache: `http://no-tls.omnipathdb.org/interactions?genesymbols=yes&datasets=omnipath&organisms=10116&fields=sources,references,curation_effort&license=academic`
[2023-11-16 14:34:09] [INFO]    [OmnipathR] Cache record does not exist: `http://no-tls.omnipathdb.org/interactions?genesymbols=yes&datasets=omnipath&organisms=10116&fields=sources,references,curation_effort&license=academic`
[2023-11-16 14:34:09] [TRACE]   [OmnipathR] Attempting `https://omnipathdb.org/interactions?genesymbols=yes&datasets=omnipath&organisms=10116&fields=sources,references,curation_effort&license=academic`
[2023-11-16 14:34:09] [INFO]    [OmnipathR] Retrieving URL: `https://omnipathdb.org/interactions?genesymbols=yes&datasets=omnipath&organisms=10116&fields=sources,references,curation_effort&license=academic`
[2023-11-16 14:34:09] [TRACE]   [OmnipathR] Attempt 1/3: `https://omnipathdb.org/interactions?genesymbols=yes&datasets=omnipath&organisms=10116&fields=sources,references,curation_effort&license=academic`
[2023-11-16 14:34:11] [INFO]    [OmnipathR] Successfully retrieved: `https://omnipathdb.org/interactions?genesymbols=yes&datasets=omnipath&organisms=10116&fields=sources,references,curation_effort&license=academic`
[2023-11-16 14:34:11] [TRACE]   [OmnipathR] Reading JSON from `/home/dmananesc/.cache/OmnipathR/cache.json` (encoding: UTF-8).
[2023-11-16 14:34:11] [TRACE]   [OmnipathR] JSON validation successful: TRUE
[2023-11-16 14:34:11] [TRACE]   [OmnipathR] Reading JSON from `/home/dmananesc/.cache/OmnipathR/cache.json` (encoding: UTF-8).
[2023-11-16 14:34:11] [TRACE]   [OmnipathR] JSON validation successful: TRUE
[2023-11-16 14:34:11] [INFO]    [OmnipathR] Cache item `52b885f52989c7653ab859e844bd89f831b127f1` version 1: status changed from `unknown` to `started`.
[2023-11-16 14:34:11] [TRACE]   [OmnipathR] Exporting object to RDS: `/home/dmananesc/.cache/OmnipathR/52b885f52989c7653ab859e844bd89f831b127f1-1.rds`.
[2023-11-16 14:34:11] [TRACE]   [OmnipathR] Exported RDS to `/home/dmananesc/.cache/OmnipathR/52b885f52989c7653ab859e844bd89f831b127f1-1.rds`.
[2023-11-16 14:34:11] [INFO]    [OmnipathR] Download ready [key=52b885f52989c7653ab859e844bd89f831b127f1, version=1]
[2023-11-16 14:34:11] [TRACE]   [OmnipathR] Reading JSON from `/home/dmananesc/.cache/OmnipathR/cache.json` (encoding: UTF-8).
[2023-11-16 14:34:11] [TRACE]   [OmnipathR] JSON validation successful: TRUE
[2023-11-16 14:34:11] [INFO]    [OmnipathR] Cache item `52b885f52989c7653ab859e844bd89f831b127f1` version 1: status changed from `started` to `ready`.
[2023-11-16 14:34:13] [SUCCESS] [OmnipathR] Downloaded 17594 interactions.
[2023-11-16 14:42:07] [TRACE]   [OmnipathR] Looking up in cache: `https://omnipathdb.org/interactions?genesymbols=yes&datasets=omnipath&organisms=10116&fields=sources,references,curation_effort&license=academic`
[2023-11-16 14:42:07] [TRACE]   [OmnipathR] Loaded data from RDS `/home/dmananesc/.cache/OmnipathR/52b885f52989c7653ab859e844bd89f831b127f1-1.rds`.
[2023-11-16 14:42:07] [INFO]    [OmnipathR] Loaded from cache: `https://omnipathdb.org/interactions?genesymbols=yes&datasets=omnipath&organisms=10116&fields=sources,references,curation_effort&license=academic`
[2023-11-16 14:42:08] [SUCCESS] [OmnipathR] Loaded 17594 interactions from cache.
[2023-11-16 14:49:17] [TRACE]   [OmnipathR] Looking up in cache: `https://omnipathdb.org/interactions?genesymbols=yes&datasets=omnipath&organisms=10116&fields=sources,references,curation_effort&license=academic`
[2023-11-16 14:49:17] [TRACE]   [OmnipathR] Loaded data from RDS `/home/dmananesc/.cache/OmnipathR/52b885f52989c7653ab859e844bd89f831b127f1-1.rds`.
[2023-11-16 14:49:17] [INFO]    [OmnipathR] Loaded from cache: `https://omnipathdb.org/interactions?genesymbols=yes&datasets=omnipath&organisms=10116&fields=sources,references,curation_effort&license=academic`
[2023-11-16 14:49:18] [SUCCESS] [OmnipathR] Loaded 17594 interactions from cache.
[2023-11-16 14:54:36] [TRACE]   [OmnipathR] Looking up in cache: `https://omnipathdb.org/interactions?genesymbols=yes&datasets=omnipath&organisms=10116&fields=sources,references,curation_effort&license=academic`
[2023-11-16 14:54:36] [TRACE]   [OmnipathR] Loaded data from RDS `/home/dmananesc/.cache/OmnipathR/52b885f52989c7653ab859e844bd89f831b127f1-1.rds`.
[2023-11-16 14:54:36] [INFO]    [OmnipathR] Loaded from cache: `https://omnipathdb.org/interactions?genesymbols=yes&datasets=omnipath&organisms=10116&fields=sources,references,curation_effort&license=academic`
[2023-11-16 14:54:37] [SUCCESS] [OmnipathR] Loaded 17594 interactions from cache.
